2025-02-25 23:38:17,005 - INFO - \U0001f511 HWID Encrypted (Dikirim ke Server): l5ZUMhhf9wAfmzdOgMFS5jCzE1QvAnawiDWeIHrYGIA=
2025-02-25 23:38:17,553 - INFO - \u2705 Lisensi VALID!
2025-02-25 23:38:17,554 - INFO - Memulai Aplikasi Scraper Shopee...
2025-02-25 23:38:17,562 - INFO - Proxy mitmdump berhasil dijalankan.
2025-02-25 23:38:22,252 - INFO - Menjalankan Scraper...
2025-02-25 23:38:24,254 - ERROR - Gagal menyimpan hasil scraping: [Errno 2] No such file or directory: 'results/scraped_data.json'
2025-02-25 23:49:29,612 - INFO - \U0001f511 HWID Encrypted (Dikirim ke Server): l5ZUMhhf9wAfmzdOgMFS5jCzE1QvAnawiDWeIHrYGIA=
2025-02-25 23:49:30,302 - INFO - \u2705 Lisensi VALID!
2025-02-25 23:49:30,303 - INFO - Memulai Aplikasi Scraper Shopee...
2025-02-25 23:49:30,307 - INFO - Proxy mitmdump berhasil dijalankan.
2025-02-25 23:49:32,248 - INFO - Menjalankan Scraper...
2025-02-25 23:49:34,249 - ERROR - Gagal menyimpan hasil scraping: [Errno 2] No such file or directory: 'results/scraped_data.json'
2025-02-25 23:55:12,513 - INFO - \U0001f680 Memulai Aplikasi Scraper Shopee...
2025-02-25 23:55:12,675 - INFO - \U0001f511 HWID Encrypted (Dikirim ke Server): l5ZUMhhf9wAfmzdOgMFS5jCzE1QvAnawiDWeIHrYGIA=
2025-02-25 23:55:13,950 - INFO - \u2705 Lisensi VALID!
2025-02-25 23:55:13,959 - INFO - \u2705 Proxy mitmdump berhasil dijalankan.
2025-02-25 23:55:16,914 - INFO - Menjalankan Scraper...
2025-02-25 23:55:18,915 - ERROR - Gagal menyimpan hasil scraping: [Errno 2] No such file or directory: 'results/scraped_data.json'
2025-02-26 00:07:49,366 - INFO - Menjalankan Scraper...
2025-02-26 00:07:51,367 - ERROR - Gagal menyimpan hasil scraping: [Errno 2] No such file or directory: 'results/scraped_data.json'
2025-02-26 00:25:18,796 - INFO - Menjalankan Scraper...
2025-02-26 00:25:20,797 - ERROR - Gagal menyimpan hasil scraping: [Errno 2] No such file or directory: 'results/scraped_data.json'
2025-02-26 00:57:27,004 - ERROR - \u274c Lisensi TIDAK AKTIF!
2025-02-26 01:37:45,515 - INFO - Pengguna memulai proses scraping.
2025-02-26 01:45:57,909 - INFO - Pengguna keluar dari aplikasi.
2025-02-28 04:01:47,540 - INFO - [ProxyManager] Mengaktifkan proxy...
2025-02-28 04:01:47,605 - INFO - [RunManager] Menjalankan mitmdump...
2025-02-28 04:01:48,757 - INFO - [RunManager] Menonaktifkan proxy sebelum keluar...
2025-02-28 04:01:48,757 - INFO - [ProxyManager] Menonaktifkan proxy...
2025-02-28 04:03:04,732 - INFO - [ProxyManager] Mengaktifkan proxy...
2025-02-28 04:03:04,800 - INFO - [RunManager] Menjalankan mitmdump...
2025-02-28 04:03:16,854 - INFO - [RunManager] Menonaktifkan proxy sebelum keluar...
2025-02-28 04:03:16,854 - INFO - [ProxyManager] Menonaktifkan proxy...
2025-02-28 04:03:16,854 - INFO - [RunManager] Menonaktifkan proxy sebelum keluar...
2025-02-28 04:03:16,854 - INFO - [ProxyManager] Menonaktifkan proxy...
INFO:root:[ProxyManager] Mengaktifkan proxy...
INFO:root:[ProxyManager] Mengaktifkan proxy...
INFO:root:[ProxyManager] Mengaktifkan proxy...
2025-02-28 11:35:02,441 - INFO - Pengguna keluar dari aplikasi.
2025-02-28 11:45:30,048 - INFO - Pengguna keluar dari aplikasi.
2025-02-28 11:45:40,145 - INFO - Pengguna keluar dari aplikasi.
2025-02-28 11:45:42,280 - INFO - Pengguna keluar dari aplikasi.
2025-02-28 11:45:43,608 - INFO - Pengguna keluar dari aplikasi.
